[INFO] 02:27:39:772 Consola/(3357:3357): Logger creado
[INFO] 02:27:39:773 Consola/(3357:3357): ¡Consola iniciada correctamente!
[INFO] 02:27:39:773 Consola/(3357:3357): -------Valores del config-------
[INFO] 02:27:39:773 Consola/(3357:3357): Ip = 127.0.0.1
[INFO] 02:27:39:773 Consola/(3357:3357): Puerto = 8000
[INFO] 02:27:39:773 Consola/(3357:3357): --------------------------------
[INFO] 02:27:39:775 Consola/(3357:3357): Conexion establecida con Kernel
[TRACE] 02:27:39:775 Consola/(3357:3357): Datos enviados, esperando respuesta de Kernel...
[TRACE] 02:27:39:775 Consola/(3357:3357): Datos enviados correctamente
[INFO] 02:27:41:011 Consola/(3359:3359): Logger creado
[INFO] 02:27:41:012 Consola/(3359:3359): ¡Consola iniciada correctamente!
[INFO] 02:27:41:012 Consola/(3359:3359): -------Valores del config-------
[INFO] 02:27:41:012 Consola/(3359:3359): Ip = 127.0.0.1
[INFO] 02:27:41:012 Consola/(3359:3359): Puerto = 8000
[INFO] 02:27:41:012 Consola/(3359:3359): --------------------------------
[INFO] 02:27:41:012 Consola/(3359:3359): Conexion establecida con Kernel
[TRACE] 02:27:41:012 Consola/(3359:3359): Datos enviados, esperando respuesta de Kernel...
[TRACE] 02:27:41:013 Consola/(3359:3359): Datos enviados correctamente
[INFO] 02:27:51:665 Consola/(3357:3357): Cerrando conexion
[INFO] 02:27:51:666 Consola/(3359:3359): Cerrando conexion
[INFO] 02:32:52:294 Consola/(3955:3955): Logger creado
[INFO] 02:32:52:295 Consola/(3955:3955): ¡Consola iniciada correctamente!
[INFO] 02:32:52:295 Consola/(3955:3955): -------Valores del config-------
[INFO] 02:32:52:295 Consola/(3955:3955): Ip = 127.0.0.1
[INFO] 02:32:52:295 Consola/(3955:3955): Puerto = 8000
[INFO] 02:32:52:295 Consola/(3955:3955): --------------------------------
[INFO] 02:32:52:296 Consola/(3955:3955): Conexion establecida con Kernel
[TRACE] 02:32:52:296 Consola/(3955:3955): Datos enviados, esperando respuesta de Kernel...
[TRACE] 02:32:52:296 Consola/(3955:3955): Datos enviados correctamente
[INFO] 02:32:53:521 Consola/(3961:3961): Logger creado
[INFO] 02:32:53:521 Consola/(3961:3961): ¡Consola iniciada correctamente!
[INFO] 02:32:53:521 Consola/(3961:3961): -------Valores del config-------
[INFO] 02:32:53:521 Consola/(3961:3961): Ip = 127.0.0.1
[INFO] 02:32:53:521 Consola/(3961:3961): Puerto = 8000
[INFO] 02:32:53:521 Consola/(3961:3961): --------------------------------
[INFO] 02:32:53:521 Consola/(3961:3961): Conexion establecida con Kernel
[TRACE] 02:32:53:521 Consola/(3961:3961): Datos enviados, esperando respuesta de Kernel...
[TRACE] 02:32:53:521 Consola/(3961:3961): Datos enviados correctamente
[INFO] 02:32:56:759 Consola/(3955:3955): Cerrando conexion
[INFO] 02:32:57:638 Consola/(3961:3961): Cerrando conexion
