[INFO] 02:27:34:815 Memoria/(3341:3341): Logger creado
[INFO] 02:27:34:824 Memoria/(3341:3341): -------Valores del config-------
[INFO] 02:27:34:824 Memoria/(3341:3341): puerto_escucha = 8002
[INFO] 02:27:34:824 Memoria/(3341:3341): tamaño memoria = 4096
[INFO] 02:27:34:824 Memoria/(3341:3341): tamaño segmento = 128
[INFO] 02:27:34:824 Memoria/(3341:3341): cantidad de segmentos = 16
[INFO] 02:27:34:824 Memoria/(3341:3341): retardo memoria = 1000
[INFO] 02:27:34:824 Memoria/(3341:3341): retardo compactacion = 60000
[INFO] 02:27:34:824 Memoria/(3341:3341): algoritmo asignacion = FIRST
[INFO] 02:27:34:824 Memoria/(3341:3341): --------------------------------
[INFO] 02:27:34:824 Memoria/(3341:3341): ¡Memoria iniciado correctamente!
[TRACE] 02:27:34:824 Memoria/(3341:3341): Listo para escuchar a mi cliente
[INFO] 02:27:34:824 Memoria/(3341:3341): Servidor listo para recibir al cliente
[TRACE] 02:27:36:364 Memoria/(3341:3343): Se conecto un cliente!
[TRACE] 02:27:36:365 Memoria/(3341:3343): Recibi Instruccion: Conectado al FileSystem
[TRACE] 02:27:38:832 Memoria/(3341:3344): Se conecto un cliente!
[TRACE] 02:27:38:832 Memoria/(3341:3344): Recibi Instruccion: Conectado al Kernel
[TRACE] 02:27:39:776 Memoria/(3341:3344): Recibi Instruccion: INICIAR 5
[INFO] 02:29:58:498 Memoria/(3563:3563): Logger creado
[INFO] 02:29:58:499 Memoria/(3563:3563): -------Valores del config-------
[INFO] 02:29:58:499 Memoria/(3563:3563): puerto_escucha = 8002
[INFO] 02:29:58:499 Memoria/(3563:3563): tamaño memoria = 4096
[INFO] 02:29:58:499 Memoria/(3563:3563): tamaño segmento = 128
[INFO] 02:29:58:499 Memoria/(3563:3563): cantidad de segmentos = 16
[INFO] 02:29:58:499 Memoria/(3563:3563): retardo memoria = 1000
[INFO] 02:29:58:499 Memoria/(3563:3563): retardo compactacion = 60000
[INFO] 02:29:58:499 Memoria/(3563:3563): algoritmo asignacion = FIRST
[INFO] 02:29:58:499 Memoria/(3563:3563): --------------------------------
[INFO] 02:29:58:499 Memoria/(3563:3563): ¡Memoria iniciado correctamente!
[TRACE] 02:29:58:500 Memoria/(3563:3563): Listo para escuchar a mi cliente
[INFO] 02:29:58:500 Memoria/(3563:3563): Servidor listo para recibir al cliente
[TRACE] 02:29:59:357 Memoria/(3563:3565): Se conecto un cliente!
[TRACE] 02:29:59:358 Memoria/(3563:3565): Recibi Instruccion: Conectado al FileSystem
[INFO] 02:32:38:526 Memoria/(3910:3910): Logger creado
[INFO] 02:32:38:529 Memoria/(3910:3910): -------Valores del config-------
[INFO] 02:32:38:529 Memoria/(3910:3910): puerto_escucha = 8002
[INFO] 02:32:38:529 Memoria/(3910:3910): tamaño memoria = 4096
[INFO] 02:32:38:529 Memoria/(3910:3910): tamaño segmento = 128
[INFO] 02:32:38:529 Memoria/(3910:3910): cantidad de segmentos = 16
[INFO] 02:32:38:529 Memoria/(3910:3910): retardo memoria = 1000
[INFO] 02:32:38:529 Memoria/(3910:3910): retardo compactacion = 60000
[INFO] 02:32:38:529 Memoria/(3910:3910): algoritmo asignacion = FIRST
[INFO] 02:32:38:529 Memoria/(3910:3910): --------------------------------
[INFO] 02:32:38:529 Memoria/(3910:3910): ¡Memoria iniciado correctamente!
[TRACE] 02:32:38:530 Memoria/(3910:3910): Listo para escuchar a mi cliente
[INFO] 02:32:38:530 Memoria/(3910:3910): Servidor listo para recibir al cliente
[TRACE] 02:32:39:603 Memoria/(3910:3912): Se conecto un cliente!
[TRACE] 02:32:39:604 Memoria/(3910:3912): Recibi Instruccion: Conectado al FileSystem
[TRACE] 02:32:41:090 Memoria/(3910:3913): Se conecto un cliente!
[TRACE] 02:32:41:090 Memoria/(3910:3913): Recibi Instruccion: Conectado al CPU
[TRACE] 02:32:45:397 Memoria/(3910:3914): Se conecto un cliente!
[INFO] 02:32:45:397 Memoria/(3910:3911): Espacio reservado: 4096 Bytes -> Direccion: 0x7fc48c000b70
[TRACE] 02:32:45:397 Memoria/(3910:3914): Recibi Instruccion: Conectado al Kernel
[TRACE] 02:32:52:296 Memoria/(3910:3914): Recibi Instruccion: INICIAR 5
[INFO] 02:32:52:296 Memoria/(3910:3914): Creación de Proceso PID: 5
[TRACE] 02:32:52:296 Memoria/(3910:3914): Datos enviados, esperando respuesta de kernel...
[TRACE] 02:32:52:296 Memoria/(3910:3914): Datos enviados correctamente
[TRACE] 02:32:53:522 Memoria/(3910:3914): Recibi Instruccion: INICIAR 9
[INFO] 02:32:53:522 Memoria/(3910:3914): Creación de Proceso PID: 9
[TRACE] 02:32:53:522 Memoria/(3910:3914): Datos enviados, esperando respuesta de kernel...
[TRACE] 02:32:53:522 Memoria/(3910:3914): Datos enviados correctamente
[TRACE] 02:32:55:401 Memoria/(3910:3913): Recibi Instruccion: MOV_OUT 120 AX
[TRACE] 02:32:55:571 Memoria/(3910:3913): Recibi Instruccion: MOV_IN BX 120
[TRACE] 02:32:55:751 Memoria/(3910:3913): Recibi Instruccion: MOV_OUT 120 AX
[TRACE] 02:32:55:923 Memoria/(3910:3913): Recibi Instruccion: MOV_IN BX 120
[TRACE] 02:32:56:229 Memoria/(3910:3914): Recibi Instruccion: CREATE_SEGMENT 1 128 5
[INFO] 02:32:56:229 Memoria/(3910:3914): PID: 5 - Crear Segmento: 1 - Base: 0x7fc48c000bf0 - TAMAÑO: 128
[TRACE] 02:32:56:582 Memoria/(3910:3914): Recibi Instruccion: DELETE_SEGMENT 1 5
[INFO] 02:32:56:582 Memoria/(3910:3914): PID: 5 - Eliminar Segmento: 1 - Base: 0x7fc48c000bf0 - TAMAÑO: 128
[TRACE] 02:32:56:582 Memoria/(3910:3914): Datos enviados, esperando respuesta de kernel...
[TRACE] 02:32:56:582 Memoria/(3910:3914): Datos enviados correctamente
[TRACE] 02:32:56:758 Memoria/(3910:3914): Recibi Instruccion: FINALIZAR 5
[INFO] 02:32:56:758 Memoria/(3910:3914): Eliminación de Proceso PID: 5
[TRACE] 02:32:57:110 Memoria/(3910:3914): Recibi Instruccion: CREATE_SEGMENT 1 128 9
[INFO] 02:32:57:110 Memoria/(3910:3914): PID: 9 - Crear Segmento: 1 - Base: 0x7fc48c000bf0 - TAMAÑO: 128
[TRACE] 02:32:57:462 Memoria/(3910:3914): Recibi Instruccion: DELETE_SEGMENT 1 9
[INFO] 02:32:57:462 Memoria/(3910:3914): PID: 9 - Eliminar Segmento: 1 - Base: 0x7fc48c000bf0 - TAMAÑO: 128
[TRACE] 02:32:57:462 Memoria/(3910:3914): Datos enviados, esperando respuesta de kernel...
[TRACE] 02:32:57:462 Memoria/(3910:3914): Datos enviados correctamente
[TRACE] 02:32:57:638 Memoria/(3910:3914): Recibi Instruccion: FINALIZAR 9
[INFO] 02:32:57:638 Memoria/(3910:3914): Eliminación de Proceso PID: 9
